make all --print-data-base --no-builtin-variables --no-builtin-rules --question
# GNU Make 4.1
# Built for aarch64-unknown-linux-gnu
# Copyright (C) 1988-2014 Free Software Foundation, Inc.
# License GPLv3+: GNU GPL version 3 or later <http://gnu.org/licenses/gpl.html>
# This is free software: you are free to change and redistribute it.
# There is NO WARRANTY, to the extent permitted by law.

# Make data base, printed on Sat Jul  2 07:19:42 2022

# Variables

# automatic
<D = $(patsubst %/,%,$(dir $<))
# automatic
?F = $(notdir $?)
# default
.SHELLFLAGS := -c
# makefile (from 'Makefile', line 13)
OBJ :=  bin/obj/video_decoder.o  bin/obj/video_encoder.o  bin/obj/main.o
# environment
VSCODE_AGENT_FOLDER = /home/vegvisir/.vscode-server
# makefile (from 'Makefile', line 12)
SRC := src/video_decoder.c src/video_encoder.c src/main.c
# environment
VSCODE_LOG_NATIVE = false
# automatic
?D = $(patsubst %/,%,$(dir $?))
# automatic
@D = $(patsubst %/,%,$(dir $@))
# makefile (from 'Makefile', line 11)
EXE := bin/EncoderDecoder
# automatic
@F = $(notdir $@)
# default
MAKE_VERSION := 4.1
# makefile
CURDIR := /home/vegvisir/Desktop/Filip/VegvisirHardware/EncoderDecoderJetson/ffmpeg
# makefile
SHELL = /bin/sh
# environment
VSCODE_NLS_CONFIG = {"locale":"en","availableLanguages":{}}
# environment
_ = /home/vegvisir/.vscode-server/bin/30d9c6cd9483b2cc586687151bcbcd635f373630/node
# makefile (from 'Makefile', line 3)
CFLAGS := -Iinclude -pipe -pedantic -g -Wall -Wextra -O3 -ffast-math
# makefile (from 'Makefile', line 1)
MAKEFILE_LIST :=  Makefile
# environment
KAYA_VISION_POINT_LOGS = /var/log/KAYA_Instruments
# 'override' directive
GNUMAKEFLAGS := 
# makefile (from 'Makefile', line 9)
OBJ_DIR := bin/obj
# environment
MAKELEVEL := 0
# environment
GENICAM_GENTL64_PATH = /opt/KAYA_Instruments/lib:/opt/KAYA_Instruments/lib:
# environment
XDG_DATA_DIRS = /usr/local/share:/usr/share:/var/lib/snapd/desktop
# environment
DBUS_SESSION_BUS_ADDRESS = unix:path=/run/user/1000/bus
# environment
VSCODE_VERBOSE_LOGGING = true
# environment
LESSOPEN = | /usr/bin/lesspipe %s
# environment
LC_NAME = C.UTF-8
# environment
VSCODE_CWD = /home/vegvisir
# environment
PUREGEV_ROOT = /opt/pleora/ebus_sdk/linux-aarch64-arm
# environment
SSH_CONNECTION = 192.168.0.17 40742 192.168.0.18 22
# environment
PATH = /home/vegvisir/.vscode-server/bin/30d9c6cd9483b2cc586687151bcbcd635f373630/bin/remote-cli:/usr/local/cuda-10.2/bin:/usr/local/sbin:/usr/local/bin:/usr/sbin:/usr/bin:/sbin:/bin:/usr/games:/usr/local/games:/snap/bin
# environment
KAYA_VISION_POINT_LIB_PATH = /opt/KAYA_Instruments/lib
# environment
XDG_RUNTIME_DIR = /run/user/1000
# environment
KAYA_VISION_POINT_SAMPLE_API = /opt/KAYA_Instruments/Examples/Vision Point API
# environment
VSCODE_LOG_STACK = false
# environment
LC_NUMERIC = C.UTF-8
# environment
KAYA_VISION_POINT_DOCS = /opt/KAYA_Instruments/Doc
# makefile (from 'Makefile', line 4)
LDFLAGS := 
# makefile (from 'Makefile', line 5)
LDLIBS := -lavformat -lavcodec -lavutil -lm 
# default
.FEATURES := target-specific order-only second-expansion else-if shortest-stem undefine oneshell archives jobserver output-sync check-symlink load
# environment
LS_COLORS = 
# environment
GENICAM_CACHE = /home/vegvisir/.config/Pleora/genicam_cache_v3_3
# automatic
%F = $(notdir $%)
# environment
VSCODE_PIPE_LOGGING = true
# environment
PWD = /home/vegvisir/Desktop/Filip/VegvisirHardware/EncoderDecoderJetson/ffmpeg
# environment
VSCODE_IPC_HOOK_CLI = /run/user/1000/vscode-ipc-e9fdce57-0bc0-426c-966e-b7d9a5dc1708.sock
# automatic
*D = $(patsubst %/,%,$(dir $*))
# environment
GENICAM_ROOT = /opt/pleora/ebus_sdk/linux-aarch64-arm/lib/genicam
# environment
VSCODE_AMD_ENTRYPOINT = vs/workbench/api/node/extensionHostProcess
# environment
HOME = /home/vegvisir
# environment
LD_LIBRARY_PATH = /usr/local/cuda-10.2/lib64:/opt/pleora/ebus_sdk/linux-aarch64-arm/lib/genicam/bin/Linux64_ARM:/opt/pleora/ebus_sdk/linux-aarch64-arm/lib
# environment
LESSCLOSE = /usr/bin/lesspipe %s %s
# environment
LOGNAME = vegvisir
# environment
APPLICATION_INSIGHTS_NO_DIAGNOSTIC_CHANNEL = true
# automatic
+F = $(notdir $+)
# environment
VSCODE_HANDLES_UNCAUGHT_ERRORS = true
# automatic
^D = $(patsubst %/,%,$(dir $^))
# environment
LC_TIME = C.UTF-8
# default
MAKE = $(MAKE_COMMAND)
# default
MAKECMDGOALS := all
# environment
SHLVL = 3
# makefile (from 'Makefile', line 1)
CC = gcc 
# environment
XDG_SESSION_ID = 19
# environment
GENICAM_LOG_CONFIG = /opt/pleora/ebus_sdk/linux-aarch64-arm/lib/genicam/log/config/DefaultLogging.properties
# environment
USER = vegvisir
# environment
LC_MONETARY = C.UTF-8
# makefile
.DEFAULT_GOAL := all
# automatic
%D = $(patsubst %/,%,$(dir $%))
# environment
LC_TELEPHONE = C.UTF-8
# default
MAKE_COMMAND := make
# default
.VARIABLES := 
# automatic
*F = $(notdir $*)
# environment
GENICAM_CACHE_V3_3 = /home/vegvisir/.config/Pleora/genicam_cache_v3_3
# environment
PYTHONPATH = /opt/pleora/ebus_sdk/linux-aarch64-arm/lib:
# makefile
MAKEFLAGS = pqrR
# environment
MFLAGS = -pqrR
# environment
SSH_CLIENT = 192.168.0.17 40742 22
# environment
MAIL = /var/mail/vegvisir
# automatic
+D = $(patsubst %/,%,$(dir $+))
# environment
BROWSER = /home/vegvisir/.vscode-server/bin/30d9c6cd9483b2cc586687151bcbcd635f373630/bin/helpers/browser.sh
# environment
VSCODE_HANDLES_SIGPIPE = true
# default
MAKEFILES := 
# makefile (from 'Makefile', line 7)
SRC_DIR := src
# automatic
<F = $(notdir $<)
# automatic
^F = $(notdir $^)
# environment
LC_MEASUREMENT = C.UTF-8
# makefile (from 'Makefile', line 8)
BIN_DIR := bin
# environment
LC_ALL = C
# environment
KAYA_VISION_POINT_SAMPLE_DATA = /opt/KAYA_Instruments/Examples/Data
# environment
LC_PAPER = C.UTF-8
# default
SUFFIXES := 
# environment
KAYA_VISION_POINT_INCLUDE_PATH = /opt/KAYA_Instruments/include
# environment
GENICAM_ROOT_V3_3 = /opt/pleora/ebus_sdk/linux-aarch64-arm/lib/genicam
# default
.INCLUDE_DIRS = /usr/include /usr/local/include /usr/include
# environment
LC_IDENTIFICATION = C.UTF-8
# environment
GENICAM_LOG_CONFIG_V3_3 = /opt/pleora/ebus_sdk/linux-aarch64-arm/lib/genicam/log/config/DefaultLogging.properties
# default
.RECIPEPREFIX := 
# environment
LC_ADDRESS = C.UTF-8
# default
MAKE_HOST := aarch64-unknown-linux-gnu
# environment
LANG = C
# environment
VSCODE_EXTHOST_WILL_SEND_SOCKET = true
# variable set hash-table stats:
# Load=102/1024=10%, Rehash=0, Collisions=16/145=11%

# Pattern-specific Variable Values

# No pattern-specific variable values.

# Directories

# . (device 45825, inode 1456487): 8 files, no impossibilities.
# bin (device 45825, inode 1456595): No files, no impossibilities so far.
# src (device 45825, inode 1456596): 5 files, no impossibilities.

# 13 files, no impossibilities in 3 directories.

# Implicit Rules

bin/obj/%.o: src/%.c | bin/obj
#  recipe to execute (from 'Makefile', line 24):
	$(CC) $(CFLAGS) -c $< -o $@

# 1 implicit rules, 0 (0.0%) terminal.

# Files

all: bin/EncoderDecoder
#  Phony target (prerequisite of .PHONY).
#  Command line target.
#  Implicit rule search has not been done.
#  File does not exist.
#  File has been updated.
#  Needs to be updated (-q is set).
# variable set hash-table stats:
# Load=0/32=0%, Rehash=0, Collisions=0/5=0%

bin:
#  Implicit rule search has not been done.
#  Modification time never checked.
#  File has not been updated.
#  recipe to execute (from 'Makefile', line 27):
	mkdir -p $@

.PHONY: all clean start
#  Implicit rule search has not been done.
#  Modification time never checked.
#  File has not been updated.

# Not a target:
src/video_decoder.c:
#  Implicit rule search has been done.
#  Last modified 2022-07-01 21:22:06.315242841
#  File has been updated.
#  Successfully updated.

bin/obj/main.o: src/main.c | bin/obj
#  Implicit rule search has been done.
#  Implicit/static pattern stem: 'main'
#  Last modified 2022-07-01 21:22:30.340191282
#  File has been updated.
#  Needs to be updated (-q is set).
# automatic
# @ := bin/obj/main.o
# automatic
# % := 
 
# automatic
# * := main
# automatic
# + := src/main.c
# automatic
# | := bin/obj
# automatic
# < := src/main.c
# automatic
# ^ := src/main.c
# automatic
# ? := src/main.c
# variable set hash-table stats:
# Load=8/32=25%, Rehash=0, Collisions=1/15=7%
#  recipe to execute (from 'Makefile', line 24):
	$(CC) $(CFLAGS) -c $< -o $@

# Not a target:
Makefile:
#  Implicit rule search has been done.
#  Last modified 2022-07-01 16:14:08.799094855
#  File has been updated.
#  Successfully updated.

start:
#  Phony target (prerequisite of .PHONY).
#  Implicit rule search has not been done.
#  File does not exist.
#  File has not been updated.
#  recipe to execute (from 'Makefile', line 33):
	./bin/EncoderDecoder

bin/obj/video_encoder.o: src/video_encoder.c | bin/obj
#  Implicit rule search has been done.
#  Implicit/static pattern stem: 'video_encoder'
#  Last modified 2022-07-01 21:22:30.212186182
#  File has been updated.
#  Successfully updated.
#  recipe to execute (from 'Makefile', line 24):
	$(CC) $(CFLAGS) -c $< -o $@

# Not a target:
src/main.c:
#  Implicit rule search has been done.
#  Last modified 2022-07-01 21:22:41.144623337
#  File has been updated.
#  Successfully updated.

bin/obj:
#  Implicit rule search has not been done.
#  Last modified 2022-07-01 21:22:30.22418666
#  File has been updated.
#  Successfully updated.
#  recipe to execute (from 'Makefile', line 27):
	mkdir -p $@

# Not a target:
src/video_encoder.c:
#  Implicit rule search has been done.
#  Last modified 2022-07-01 21:22:13.683531886
#  File has been updated.
#  Successfully updated.

# Not a target:
.DEFAULT:
#  Implicit rule search has not been done.
#  Modification time never checked.
#  File has not been updated.

bin/EncoderDecoder: bin/obj/video_decoder.o bin/obj/video_encoder.o bin/obj/main.o
#  Implicit rule search has not been done.
#  Last modified 2022-07-01 21:22:30.572200524
#  File has been updated.
#  Needs to be updated (-q is set).
# variable set hash-table stats:
# Load=0/32=0%, Rehash=0, Collisions=0/5=0%
#  recipe to execute (from 'Makefile', line 21):
	$(CC) $(LDFLAGS) $^ $(LDLIBS) -o $@

clean:
#  Phony target (prerequisite of .PHONY).
#  Implicit rule search has not been done.
#  File does not exist.
#  File has not been updated.
#  recipe to execute (from 'Makefile', line 30):
	rm  -r bin/*

bin/obj/video_decoder.o: src/video_decoder.c | bin/obj
#  Implicit rule search has been done.
#  Implicit/static pattern stem: 'video_decoder'
#  Last modified 2022-07-01 21:22:29.988177259
#  File has been updated.
#  Successfully updated.
#  recipe to execute (from 'Makefile', line 24):
	$(CC) $(CFLAGS) -c $< -o $@

# files hash-table stats:
# Load=16/1024=2%, Rehash=0, Collisions=0/54=0%
# VPATH Search Paths

# No 'vpath' search paths.

# No general ('VPATH' variable) search path.

# strcache buffers: 1 (0) / strings = 32 / storage = 349 B / avg = 10 B
# current buf: size = 8162 B / used = 349 B / count = 32 / avg = 10 B

# strcache performance: lookups = 67 / hit rate = 52%
# hash-table stats:
# Load=32/8192=0%, Rehash=0, Collisions=2/67=3%
# Finished Make data base on Sat Jul  2 07:19:42 2022

 
